[0m10:54:24.394368 [debug] [MainThread]: Sending event: {'category': 'dbt', 'action': 'invocation', 'label': 'start', 'context': [<snowplow_tracker.self_describing_json.SelfDescribingJson object at 0x000001D29AD820D0>, <snowplow_tracker.self_describing_json.SelfDescribingJson object at 0x000001D29AD80950>, <snowplow_tracker.self_describing_json.SelfDescribingJson object at 0x000001D29AD82110>]}


============================== 10:54:24.410001 | cb9e694d-183c-4f84-bc1e-540cf3db05b3 ==============================
[0m10:54:24.410001 [info ] [MainThread]: Running with dbt=1.10.15
[0m10:54:24.410001 [debug] [MainThread]: running dbt with arguments {'printer_width': '80', 'invocation_command': 'dbt init', 'target_path': 'None', 'no_print': 'None', 'profiles_dir': 'C:\\Users\\neera\\.dbt', 'warn_error': 'None', 'static_parser': 'True', 'fail_fast': 'False', 'indirect_selection': 'eager', 'send_anonymous_usage_stats': 'True', 'log_path': 'logs', 'warn_error_options': 'WarnErrorOptionsV2(error=[], warn=[], silence=[])', 'partial_parse': 'True', 'version_check': 'True', 'use_experimental_parser': 'False', 'quiet': 'False', 'introspect': 'True', 'empty': 'None', 'log_cache_events': 'False', 'debug': 'False', 'log_format': 'default', 'use_colors': 'True', 'cache_selected_only': 'False', 'write_json': 'True'}
[0m10:54:27.527617 [debug] [MainThread]: Starter project path: D:\Projects\Insurance\data-engineering\env\Lib\site-packages\dbt\include\starter_project
[0m10:54:27.543213 [info ] [MainThread]: 
Your new dbt project "insurance" was created!

For more information on how to configure the profiles.yml file,
please consult the dbt documentation here:

  https://docs.getdbt.com/docs/configure-your-profile

One more thing:

Need help? Don't hesitate to reach out to us via GitHub issues or on Slack:

  https://community.getdbt.com/

Happy modeling!

[0m10:54:27.543213 [info ] [MainThread]: Setting up your profile.
[0m10:54:30.162170 [debug] [MainThread]: Redshift adapter: Setting redshift_connector to ERROR
[0m10:54:30.162690 [debug] [MainThread]: Redshift adapter: Setting redshift_connector.core to ERROR
[0m10:55:47.452575 [info ] [MainThread]: Profile insurance written to C:\Users\neera\.dbt\profiles.yml using target's profile_template.yml and your supplied values. Run 'dbt debug' to validate the connection.
[0m10:55:47.452575 [debug] [MainThread]: Command `dbt init` succeeded at 10:55:47.452575 after 83.08 seconds
[0m10:55:47.468186 [debug] [MainThread]: Sending event: {'category': 'dbt', 'action': 'invocation', 'label': 'end', 'context': [<snowplow_tracker.self_describing_json.SelfDescribingJson object at 0x000001D29AD79AD0>, <snowplow_tracker.self_describing_json.SelfDescribingJson object at 0x000001D29AD90F10>, <snowplow_tracker.self_describing_json.SelfDescribingJson object at 0x000001D299EE6F10>]}
[0m10:55:47.468186 [debug] [MainThread]: Flushing usage events
[0m10:55:48.925471 [debug] [MainThread]: An error was encountered while trying to flush usage events
[0m10:56:35.154706 [debug] [MainThread]: Sending event: {'category': 'dbt', 'action': 'invocation', 'label': 'start', 'context': [<snowplow_tracker.self_describing_json.SelfDescribingJson object at 0x000002800E4300D0>, <snowplow_tracker.self_describing_json.SelfDescribingJson object at 0x0000028011A6A510>, <snowplow_tracker.self_describing_json.SelfDescribingJson object at 0x0000028011A6A450>]}


============================== 10:56:35.154706 | 27e8b4f9-4946-4150-b9b5-bd218ceee14c ==============================
[0m10:56:35.154706 [info ] [MainThread]: Running with dbt=1.10.15
[0m10:56:35.154706 [debug] [MainThread]: running dbt with arguments {'target_path': 'None', 'use_colors': 'True', 'log_format': 'default', 'no_print': 'None', 'cache_selected_only': 'False', 'warn_error': 'None', 'indirect_selection': 'eager', 'partial_parse': 'True', 'log_path': 'logs', 'send_anonymous_usage_stats': 'True', 'fail_fast': 'False', 'warn_error_options': 'WarnErrorOptionsV2(error=[], warn=[], silence=[])', 'static_parser': 'True', 'version_check': 'True', 'use_experimental_parser': 'False', 'quiet': 'False', 'introspect': 'True', 'empty': 'None', 'log_cache_events': 'False', 'debug': 'False', 'profiles_dir': 'C:\\Users\\neera\\.dbt', 'invocation_command': 'dbt debug', 'printer_width': '80', 'write_json': 'True'}
[0m10:56:35.185966 [info ] [MainThread]: dbt version: 1.10.15
[0m10:56:35.185966 [info ] [MainThread]: python version: 3.11.0
[0m10:56:35.185966 [info ] [MainThread]: python path: D:\Projects\Insurance\data-engineering\env\Scripts\python.exe
[0m10:56:35.185966 [info ] [MainThread]: os info: Windows-10-10.0.22631-SP0
[0m10:56:35.357912 [debug] [MainThread]: Redshift adapter: Setting redshift_connector to ERROR
[0m10:56:35.357912 [debug] [MainThread]: Redshift adapter: Setting redshift_connector.core to ERROR
[0m10:56:35.424083 [info ] [MainThread]: Using profiles dir at C:\Users\neera\.dbt
[0m10:56:35.424605 [info ] [MainThread]: Using profiles.yml file at C:\Users\neera\.dbt\profiles.yml
[0m10:56:35.425654 [info ] [MainThread]: Using dbt_project.yml file at D:\Projects\Insurance\data-engineering\dbt\dbt_project.yml
[0m10:56:35.427780 [info ] [MainThread]: adapter type: redshift
[0m10:56:35.428846 [info ] [MainThread]: adapter version: 1.9.5
[0m10:56:35.429378 [info ] [MainThread]: Configuration:
[0m10:56:35.430424 [info ] [MainThread]:   profiles.yml file [[32mOK found and valid[0m]
[0m10:56:35.430974 [info ] [MainThread]:   dbt_project.yml file [[31mERROR not found[0m]
[0m10:56:35.431501 [info ] [MainThread]: Required dependencies:
[0m10:56:35.432020 [debug] [MainThread]: Executing "git --help"
[0m10:56:35.467007 [debug] [MainThread]: STDOUT: "b"usage: git [-v | --version] [-h | --help] [-C <path>] [-c <name>=<value>]\n           [--exec-path[=<path>]] [--html-path] [--man-path] [--info-path]\n           [-p | --paginate | -P | --no-pager] [--no-replace-objects] [--bare]\n           [--git-dir=<path>] [--work-tree=<path>] [--namespace=<name>]\n           [--super-prefix=<path>] [--config-env=<name>=<envvar>]\n           <command> [<args>]\n\nThese are common Git commands used in various situations:\n\nstart a working area (see also: git help tutorial)\n   clone     Clone a repository into a new directory\n   init      Create an empty Git repository or reinitialize an existing one\n\nwork on the current change (see also: git help everyday)\n   add       Add file contents to the index\n   mv        Move or rename a file, a directory, or a symlink\n   restore   Restore working tree files\n   rm        Remove files from the working tree and from the index\n\nexamine the history and state (see also: git help revisions)\n   bisect    Use binary search to find the commit that introduced a bug\n   diff      Show changes between commits, commit and working tree, etc\n   grep      Print lines matching a pattern\n   log       Show commit logs\n   show      Show various types of objects\n   status    Show the working tree status\n\ngrow, mark and tweak your common history\n   branch    List, create, or delete branches\n   commit    Record changes to the repository\n   merge     Join two or more development histories together\n   rebase    Reapply commits on top of another base tip\n   reset     Reset current HEAD to the specified state\n   switch    Switch branches\n   tag       Create, list, delete or verify a tag object signed with GPG\n\ncollaborate (see also: git help workflows)\n   fetch     Download objects and refs from another repository\n   pull      Fetch from and integrate with another repository or a local branch\n   push      Update remote refs along with associated objects\n\n'git help -a' and 'git help -g' list available subcommands and some\nconcept guides. See 'git help <command>' or 'git help <concept>'\nto read about a specific subcommand or concept.\nSee 'git help git' for an overview of the system.\n""
[0m10:56:35.467007 [debug] [MainThread]: STDERR: "b''"
[0m10:56:35.467007 [info ] [MainThread]:  - git [[32mOK found[0m]

[0m10:56:35.467007 [info ] [MainThread]: Connection:
[0m10:56:35.467007 [info ] [MainThread]:   host: default-workgroup.204649420486.ap-south-1.redshift-serverless.amazonaws.com
[0m10:56:35.467007 [info ] [MainThread]:   user: neeraj
[0m10:56:35.467007 [info ] [MainThread]:   port: 5439
[0m10:56:35.467007 [info ] [MainThread]:   database: insurance
[0m10:56:35.467007 [info ] [MainThread]:   method: database
[0m10:56:35.467007 [info ] [MainThread]:   cluster_id: None
[0m10:56:35.467007 [info ] [MainThread]:   iam_profile: None
[0m10:56:35.467007 [info ] [MainThread]:   schema: staging
[0m10:56:35.467007 [info ] [MainThread]:   sslmode: prefer
[0m10:56:35.467007 [info ] [MainThread]:   region: None
[0m10:56:35.467007 [info ] [MainThread]:   sslmode: prefer
[0m10:56:35.467007 [info ] [MainThread]:   region: None
[0m10:56:35.467007 [info ] [MainThread]:   autocreate: False
[0m10:56:35.467007 [info ] [MainThread]:   db_groups: []
[0m10:56:35.467007 [info ] [MainThread]:   ra3_node: False
[0m10:56:35.467007 [info ] [MainThread]:   connect_timeout: None
[0m10:56:35.467007 [info ] [MainThread]:   role: None
[0m10:56:35.467007 [info ] [MainThread]:   retries: 1
[0m10:56:35.467007 [info ] [MainThread]:   retry_all: False
[0m10:56:35.467007 [info ] [MainThread]:   autocommit: True
[0m10:56:35.467007 [info ] [MainThread]:   access_key_id: None
[0m10:56:35.467007 [info ] [MainThread]:   is_serverless: None
[0m10:56:35.467007 [info ] [MainThread]:   serverless_work_group: None
[0m10:56:35.467007 [info ] [MainThread]:   serverless_acct_id: None
[0m10:56:35.467007 [info ] [MainThread]: Registered adapter: redshift=1.9.5
[0m10:56:35.686794 [debug] [MainThread]: Acquiring new redshift connection 'debug'
[0m10:56:35.702481 [debug] [MainThread]: Using redshift connection "debug"
[0m10:56:35.702481 [debug] [MainThread]: On debug: select 1 as id
[0m10:56:35.702481 [debug] [MainThread]: Opening a new connection, currently in state init
[0m10:56:35.702481 [debug] [MainThread]: Redshift adapter: Connecting to Redshift with 'database' credentials method
[0m10:56:35.702481 [debug] [MainThread]: Redshift adapter: Establishing connection using ssl with `sslmode` set to 'prefer'.To connect without ssl, set `sslmode` to 'disable'.
[0m10:56:56.993847 [debug] [MainThread]: Redshift adapter: Got a retryable error when attempting to open a redshift connection.
1 attempts remaining. Retrying in 1 seconds.
Error:
('connection time out', TimeoutError(10060, 'A connection attempt failed because the connected party did not properly respond after a period of time, or established connection failed because connected host has failed to respond', None, 10060, None))
[0m10:57:19.020794 [debug] [MainThread]: Redshift adapter: Error running SQL: select 1 as id
[0m10:57:19.020794 [debug] [MainThread]: Redshift adapter: Rolling back transaction.
[0m10:57:19.020794 [debug] [MainThread]: Redshift adapter: Not retrying error: Database Error
  ('connection time out', TimeoutError(10060, 'A connection attempt failed because the connected party did not properly respond after a period of time, or established connection failed because connected host has failed to respond', None, 10060, None))
[0m10:57:19.020794 [debug] [MainThread]: On debug: No close available on handle
[0m10:57:19.020794 [info ] [MainThread]:   Connection test: [[31mERROR[0m]

[0m10:57:19.020794 [info ] [MainThread]: [31m2 checks failed:[0m
[0m10:57:19.020794 [info ] [MainThread]: Project loading failed for the following reason:
 project path <D:\Projects\Insurance\data-engineering\dbt\dbt_project.yml> not found

[0m10:57:19.020794 [info ] [MainThread]: dbt was unable to connect to the specified database.
The database returned the following error:

  >Database Error
  ('connection time out', TimeoutError(10060, 'A connection attempt failed because the connected party did not properly respond after a period of time, or established connection failed because connected host has failed to respond', None, 10060, None))

Check your database credentials and try again. For more information, visit:
https://docs.getdbt.com/docs/configure-your-profile


[0m10:57:19.020794 [debug] [MainThread]: Command `dbt debug` failed at 10:57:19.020794 after 43.93 seconds
[0m10:57:19.020794 [debug] [MainThread]: Connection 'debug' was properly closed.
[0m10:57:19.020794 [debug] [MainThread]: Sending event: {'category': 'dbt', 'action': 'invocation', 'label': 'end', 'context': [<snowplow_tracker.self_describing_json.SelfDescribingJson object at 0x0000028011A69BD0>, <snowplow_tracker.self_describing_json.SelfDescribingJson object at 0x0000028011A71110>, <snowplow_tracker.self_describing_json.SelfDescribingJson object at 0x00000280118178D0>]}
[0m10:57:19.020794 [debug] [MainThread]: Flushing usage events
[0m10:57:20.428079 [debug] [MainThread]: An error was encountered while trying to flush usage events
[0m11:05:12.472621 [debug] [MainThread]: Sending event: {'category': 'dbt', 'action': 'invocation', 'label': 'start', 'context': [<snowplow_tracker.self_describing_json.SelfDescribingJson object at 0x00000168E08BA0D0>, <snowplow_tracker.self_describing_json.SelfDescribingJson object at 0x00000168E08D2050>, <snowplow_tracker.self_describing_json.SelfDescribingJson object at 0x00000168E08C1D50>]}


============================== 11:05:12.472621 | a751610b-5fff-4f58-8cb5-28165dc13778 ==============================
[0m11:05:12.472621 [info ] [MainThread]: Running with dbt=1.10.15
[0m11:05:12.472621 [debug] [MainThread]: running dbt with arguments {'profiles_dir': 'C:\\Users\\neera\\.dbt', 'log_format': 'default', 'write_json': 'True', 'printer_width': '80', 'invocation_command': 'dbt debug', 'warn_error': 'None', 'log_path': 'logs', 'partial_parse': 'True', 'static_parser': 'True', 'send_anonymous_usage_stats': 'True', 'fail_fast': 'False', 'warn_error_options': 'WarnErrorOptionsV2(error=[], warn=[], silence=[])', 'indirect_selection': 'eager', 'use_experimental_parser': 'False', 'version_check': 'True', 'introspect': 'True', 'quiet': 'False', 'empty': 'None', 'log_cache_events': 'False', 'debug': 'False', 'no_print': 'None', 'use_colors': 'True', 'cache_selected_only': 'False', 'target_path': 'None'}
[0m11:05:12.503869 [info ] [MainThread]: dbt version: 1.10.15
[0m11:05:12.503869 [info ] [MainThread]: python version: 3.11.0
[0m11:05:12.503869 [info ] [MainThread]: python path: D:\Projects\Insurance\data-engineering\env\Scripts\python.exe
[0m11:05:12.503869 [info ] [MainThread]: os info: Windows-10-10.0.22631-SP0
[0m11:05:12.723743 [debug] [MainThread]: Redshift adapter: Setting redshift_connector to ERROR
[0m11:05:12.723743 [debug] [MainThread]: Redshift adapter: Setting redshift_connector.core to ERROR
[0m11:05:12.794991 [info ] [MainThread]: Using profiles dir at C:\Users\neera\.dbt
[0m11:05:12.794991 [info ] [MainThread]: Using profiles.yml file at C:\Users\neera\.dbt\profiles.yml
[0m11:05:12.795927 [info ] [MainThread]: Using dbt_project.yml file at D:\Projects\Insurance\data-engineering\dbt\dbt_project.yml
[0m11:05:12.796931 [info ] [MainThread]: adapter type: redshift
[0m11:05:12.798013 [info ] [MainThread]: adapter version: 1.9.5
[0m11:05:12.798013 [info ] [MainThread]: Configuration:
[0m11:05:12.798929 [info ] [MainThread]:   profiles.yml file [[32mOK found and valid[0m]
[0m11:05:12.798929 [info ] [MainThread]:   dbt_project.yml file [[31mERROR not found[0m]
[0m11:05:12.799929 [info ] [MainThread]: Required dependencies:
[0m11:05:12.799929 [debug] [MainThread]: Executing "git --help"
[0m11:05:12.833278 [debug] [MainThread]: STDOUT: "b"usage: git [-v | --version] [-h | --help] [-C <path>] [-c <name>=<value>]\n           [--exec-path[=<path>]] [--html-path] [--man-path] [--info-path]\n           [-p | --paginate | -P | --no-pager] [--no-replace-objects] [--bare]\n           [--git-dir=<path>] [--work-tree=<path>] [--namespace=<name>]\n           [--super-prefix=<path>] [--config-env=<name>=<envvar>]\n           <command> [<args>]\n\nThese are common Git commands used in various situations:\n\nstart a working area (see also: git help tutorial)\n   clone     Clone a repository into a new directory\n   init      Create an empty Git repository or reinitialize an existing one\n\nwork on the current change (see also: git help everyday)\n   add       Add file contents to the index\n   mv        Move or rename a file, a directory, or a symlink\n   restore   Restore working tree files\n   rm        Remove files from the working tree and from the index\n\nexamine the history and state (see also: git help revisions)\n   bisect    Use binary search to find the commit that introduced a bug\n   diff      Show changes between commits, commit and working tree, etc\n   grep      Print lines matching a pattern\n   log       Show commit logs\n   show      Show various types of objects\n   status    Show the working tree status\n\ngrow, mark and tweak your common history\n   branch    List, create, or delete branches\n   commit    Record changes to the repository\n   merge     Join two or more development histories together\n   rebase    Reapply commits on top of another base tip\n   reset     Reset current HEAD to the specified state\n   switch    Switch branches\n   tag       Create, list, delete or verify a tag object signed with GPG\n\ncollaborate (see also: git help workflows)\n   fetch     Download objects and refs from another repository\n   pull      Fetch from and integrate with another repository or a local branch\n   push      Update remote refs along with associated objects\n\n'git help -a' and 'git help -g' list available subcommands and some\nconcept guides. See 'git help <command>' or 'git help <concept>'\nto read about a specific subcommand or concept.\nSee 'git help git' for an overview of the system.\n""
[0m11:05:12.833278 [debug] [MainThread]: STDERR: "b''"
[0m11:05:12.833278 [info ] [MainThread]:  - git [[32mOK found[0m]

[0m11:05:12.833278 [info ] [MainThread]: Connection:
[0m11:05:12.833278 [info ] [MainThread]:   host: default-workgroup.204649420486.ap-south-1.redshift-serverless.amazonaws.com
[0m11:05:12.833278 [info ] [MainThread]:   user: neeraj
[0m11:05:12.833278 [info ] [MainThread]:   port: 5439
[0m11:05:12.833278 [info ] [MainThread]:   database: insurance
[0m11:05:12.833278 [info ] [MainThread]:   method: database
[0m11:05:12.833278 [info ] [MainThread]:   cluster_id: None
[0m11:05:12.833278 [info ] [MainThread]:   iam_profile: None
[0m11:05:12.833278 [info ] [MainThread]:   schema: staging
[0m11:05:12.833278 [info ] [MainThread]:   sslmode: prefer
[0m11:05:12.833278 [info ] [MainThread]:   region: None
[0m11:05:12.833278 [info ] [MainThread]:   sslmode: prefer
[0m11:05:12.833278 [info ] [MainThread]:   region: None
[0m11:05:12.833278 [info ] [MainThread]:   autocreate: False
[0m11:05:12.833278 [info ] [MainThread]:   db_groups: []
[0m11:05:12.833278 [info ] [MainThread]:   ra3_node: False
[0m11:05:12.833278 [info ] [MainThread]:   connect_timeout: None
[0m11:05:12.848904 [info ] [MainThread]:   role: None
[0m11:05:12.848904 [info ] [MainThread]:   retries: 1
[0m11:05:12.848904 [info ] [MainThread]:   retry_all: False
[0m11:05:12.848904 [info ] [MainThread]:   autocommit: True
[0m11:05:12.848904 [info ] [MainThread]:   access_key_id: None
[0m11:05:12.848904 [info ] [MainThread]:   is_serverless: None
[0m11:05:12.848904 [info ] [MainThread]:   serverless_work_group: None
[0m11:05:12.848904 [info ] [MainThread]:   serverless_acct_id: None
[0m11:05:12.848904 [info ] [MainThread]: Registered adapter: redshift=1.9.5
[0m11:05:13.051789 [debug] [MainThread]: Acquiring new redshift connection 'debug'
[0m11:05:13.051789 [debug] [MainThread]: Using redshift connection "debug"
[0m11:05:13.051789 [debug] [MainThread]: On debug: select 1 as id
[0m11:05:13.051789 [debug] [MainThread]: Opening a new connection, currently in state init
[0m11:05:13.051789 [debug] [MainThread]: Redshift adapter: Connecting to Redshift with 'database' credentials method
[0m11:05:13.067411 [debug] [MainThread]: Redshift adapter: Establishing connection using ssl with `sslmode` set to 'prefer'.To connect without ssl, set `sslmode` to 'disable'.
[0m11:05:34.348151 [debug] [MainThread]: Redshift adapter: Got a retryable error when attempting to open a redshift connection.
1 attempts remaining. Retrying in 1 seconds.
Error:
('connection time out', TimeoutError(10060, 'A connection attempt failed because the connected party did not properly respond after a period of time, or established connection failed because connected host has failed to respond', None, 10060, None))
[0m11:05:56.394373 [debug] [MainThread]: Redshift adapter: Error running SQL: select 1 as id
[0m11:05:56.394373 [debug] [MainThread]: Redshift adapter: Rolling back transaction.
[0m11:05:56.394373 [debug] [MainThread]: Redshift adapter: Not retrying error: Database Error
  ('connection time out', TimeoutError(10060, 'A connection attempt failed because the connected party did not properly respond after a period of time, or established connection failed because connected host has failed to respond', None, 10060, None))
[0m11:05:56.394373 [debug] [MainThread]: On debug: No close available on handle
[0m11:05:56.394373 [info ] [MainThread]:   Connection test: [[31mERROR[0m]

[0m11:05:56.394373 [info ] [MainThread]: [31m2 checks failed:[0m
[0m11:05:56.394373 [info ] [MainThread]: Project loading failed for the following reason:
 project path <D:\Projects\Insurance\data-engineering\dbt\dbt_project.yml> not found

[0m11:05:56.394373 [info ] [MainThread]: dbt was unable to connect to the specified database.
The database returned the following error:

  >Database Error
  ('connection time out', TimeoutError(10060, 'A connection attempt failed because the connected party did not properly respond after a period of time, or established connection failed because connected host has failed to respond', None, 10060, None))

Check your database credentials and try again. For more information, visit:
https://docs.getdbt.com/docs/configure-your-profile


[0m11:05:56.394373 [debug] [MainThread]: Command `dbt debug` failed at 11:05:56.394373 after 43.99 seconds
[0m11:05:56.394373 [debug] [MainThread]: Connection 'debug' was properly closed.
[0m11:05:56.394373 [debug] [MainThread]: Sending event: {'category': 'dbt', 'action': 'invocation', 'label': 'end', 'context': [<snowplow_tracker.self_describing_json.SelfDescribingJson object at 0x00000168E0910550>, <snowplow_tracker.self_describing_json.SelfDescribingJson object at 0x00000168D9CDF9D0>, <snowplow_tracker.self_describing_json.SelfDescribingJson object at 0x00000168D9CDEE50>]}
[0m11:05:56.394373 [debug] [MainThread]: Flushing usage events
[0m11:05:57.785144 [debug] [MainThread]: An error was encountered while trying to flush usage events
[0m12:02:51.687815 [debug] [MainThread]: Sending event: {'category': 'dbt', 'action': 'invocation', 'label': 'start', 'context': [<snowplow_tracker.self_describing_json.SelfDescribingJson object at 0x0000022C535011D0>, <snowplow_tracker.self_describing_json.SelfDescribingJson object at 0x0000022C535E7550>, <snowplow_tracker.self_describing_json.SelfDescribingJson object at 0x0000022C538A2510>]}


============================== 12:02:51.693726 | 6d13a8dc-f544-43d4-aaf9-5c27497d40da ==============================
[0m12:02:51.693726 [info ] [MainThread]: Running with dbt=1.10.15
[0m12:02:51.694726 [debug] [MainThread]: running dbt with arguments {'target_path': 'None', 'no_print': 'None', 'log_format': 'default', 'printer_width': '80', 'use_colors': 'True', 'warn_error': 'None', 'log_path': 'logs', 'partial_parse': 'True', 'fail_fast': 'False', 'send_anonymous_usage_stats': 'True', 'indirect_selection': 'eager', 'warn_error_options': 'WarnErrorOptionsV2(error=[], warn=[], silence=[])', 'static_parser': 'True', 'use_experimental_parser': 'False', 'version_check': 'True', 'introspect': 'True', 'quiet': 'False', 'empty': 'None', 'log_cache_events': 'False', 'debug': 'False', 'profiles_dir': 'C:\\Users\\neera\\.dbt', 'invocation_command': 'dbt init', 'cache_selected_only': 'False', 'write_json': 'True'}
[0m12:03:06.889089 [debug] [MainThread]: Starter project path: D:\Projects\Insurance\data-engineering\env\Lib\site-packages\dbt\include\starter_project
[0m12:03:06.906088 [info ] [MainThread]: 
Your new dbt project "insurance_duckdb" was created!

For more information on how to configure the profiles.yml file,
please consult the dbt documentation here:

  https://docs.getdbt.com/docs/configure-your-profile

One more thing:

Need help? Don't hesitate to reach out to us via GitHub issues or on Slack:

  https://community.getdbt.com/

Happy modeling!

[0m12:03:06.907087 [info ] [MainThread]: Setting up your profile.
[0m12:03:10.979876 [error] [MainThread]: Encountered an error:

[0m12:03:10.984872 [error] [MainThread]: Traceback (most recent call last):
  File "D:\Projects\Insurance\data-engineering\env\Lib\site-packages\dbt\cli\requires.py", line 178, in wrapper
    result, success = func(*args, **kwargs)
                      ^^^^^^^^^^^^^^^^^^^^^
  File "D:\Projects\Insurance\data-engineering\env\Lib\site-packages\dbt\cli\requires.py", line 128, in wrapper
    return func(*args, **kwargs)
           ^^^^^^^^^^^^^^^^^^^^^
  File "D:\Projects\Insurance\data-engineering\env\Lib\site-packages\dbt\cli\main.py", line 483, in init
    results = task.run()
              ^^^^^^^^^^
  File "D:\Projects\Insurance\data-engineering\env\Lib\site-packages\dbt\task\init.py", line 346, in run
    self.setup_profile(profile_name)
  File "D:\Projects\Insurance\data-engineering\env\Lib\site-packages\dbt\task\init.py", line 261, in setup_profile
    adapter = self.ask_for_adapter_choice()
              ^^^^^^^^^^^^^^^^^^^^^^^^^^^^^
  File "D:\Projects\Insurance\data-engineering\env\Lib\site-packages\dbt\task\init.py", line 242, in ask_for_adapter_choice
    numeric_choice = click.prompt(prompt_msg, type=click.INT)
                     ^^^^^^^^^^^^^^^^^^^^^^^^^^^^^^^^^^^^^^^^
  File "D:\Projects\Insurance\data-engineering\env\Lib\site-packages\click\termui.py", line 171, in prompt
    value = prompt_func(prompt)
            ^^^^^^^^^^^^^^^^^^^
  File "D:\Projects\Insurance\data-engineering\env\Lib\site-packages\click\termui.py", line 154, in prompt_func
    raise Abort() from None
click.exceptions.Abort

[0m12:03:10.985878 [debug] [MainThread]: Command `dbt init` failed at 12:03:10.985878 after 19.37 seconds
[0m12:03:10.986875 [debug] [MainThread]: Sending event: {'category': 'dbt', 'action': 'invocation', 'label': 'end', 'context': [<snowplow_tracker.self_describing_json.SelfDescribingJson object at 0x0000022C538C82D0>, <snowplow_tracker.self_describing_json.SelfDescribingJson object at 0x0000022C538CAD10>, <snowplow_tracker.self_describing_json.SelfDescribingJson object at 0x0000022C535E77D0>]}
[0m12:03:10.986875 [debug] [MainThread]: Flushing usage events
[0m12:03:12.281504 [debug] [MainThread]: An error was encountered while trying to flush usage events
[0m12:12:03.630804 [debug] [MainThread]: Sending event: {'category': 'dbt', 'action': 'invocation', 'label': 'start', 'context': [<snowplow_tracker.self_describing_json.SelfDescribingJson object at 0x0000016C155E7C90>, <snowplow_tracker.self_describing_json.SelfDescribingJson object at 0x0000016C1583B990>, <snowplow_tracker.self_describing_json.SelfDescribingJson object at 0x0000016C1587D050>]}


============================== 12:12:03.637805 | 0c731525-2a29-4eac-b799-64c44fb944c8 ==============================
[0m12:12:03.637805 [info ] [MainThread]: Running with dbt=1.10.15
[0m12:12:03.637805 [debug] [MainThread]: running dbt with arguments {'log_format': 'default', 'use_colors': 'True', 'target_path': 'None', 'profiles_dir': 'C:\\Users\\neera\\.dbt', 'cache_selected_only': 'False', 'warn_error': 'None', 'static_parser': 'True', 'fail_fast': 'False', 'partial_parse': 'True', 'send_anonymous_usage_stats': 'True', 'indirect_selection': 'eager', 'warn_error_options': 'WarnErrorOptionsV2(error=[], warn=[], silence=[])', 'log_path': 'logs', 'version_check': 'True', 'use_experimental_parser': 'False', 'introspect': 'True', 'quiet': 'False', 'empty': 'None', 'log_cache_events': 'False', 'debug': 'False', 'no_print': 'None', 'invocation_command': 'dbt debug', 'printer_width': '80', 'write_json': 'True'}
[0m12:12:03.665802 [info ] [MainThread]: dbt version: 1.10.15
[0m12:12:03.666803 [info ] [MainThread]: python version: 3.11.0
[0m12:12:03.666803 [info ] [MainThread]: python path: D:\Projects\Insurance\data-engineering\env\Scripts\python.exe
[0m12:12:03.667803 [info ] [MainThread]: os info: Windows-10-10.0.22631-SP0
[0m12:12:03.887901 [debug] [MainThread]: Redshift adapter: Setting redshift_connector to ERROR
[0m12:12:03.887901 [debug] [MainThread]: Redshift adapter: Setting redshift_connector.core to ERROR
[0m12:12:03.958484 [info ] [MainThread]: Using profiles dir at C:\Users\neera\.dbt
[0m12:12:03.959500 [info ] [MainThread]: Using profiles.yml file at C:\Users\neera\.dbt\profiles.yml
[0m12:12:03.960460 [info ] [MainThread]: Using dbt_project.yml file at D:\Projects\Insurance\data-engineering\dbt\dbt_project.yml
[0m12:12:03.962410 [info ] [MainThread]: adapter type: redshift
[0m12:12:03.962410 [info ] [MainThread]: adapter version: 1.9.5
[0m12:12:03.963410 [info ] [MainThread]: Configuration:
[0m12:12:03.963410 [info ] [MainThread]:   profiles.yml file [[32mOK found and valid[0m]
[0m12:12:03.964417 [info ] [MainThread]:   dbt_project.yml file [[31mERROR not found[0m]
[0m12:12:03.964417 [info ] [MainThread]: Required dependencies:
[0m12:12:03.964417 [debug] [MainThread]: Executing "git --help"
[0m12:12:04.008162 [debug] [MainThread]: STDOUT: "b"usage: git [-v | --version] [-h | --help] [-C <path>] [-c <name>=<value>]\n           [--exec-path[=<path>]] [--html-path] [--man-path] [--info-path]\n           [-p | --paginate | -P | --no-pager] [--no-replace-objects] [--bare]\n           [--git-dir=<path>] [--work-tree=<path>] [--namespace=<name>]\n           [--super-prefix=<path>] [--config-env=<name>=<envvar>]\n           <command> [<args>]\n\nThese are common Git commands used in various situations:\n\nstart a working area (see also: git help tutorial)\n   clone     Clone a repository into a new directory\n   init      Create an empty Git repository or reinitialize an existing one\n\nwork on the current change (see also: git help everyday)\n   add       Add file contents to the index\n   mv        Move or rename a file, a directory, or a symlink\n   restore   Restore working tree files\n   rm        Remove files from the working tree and from the index\n\nexamine the history and state (see also: git help revisions)\n   bisect    Use binary search to find the commit that introduced a bug\n   diff      Show changes between commits, commit and working tree, etc\n   grep      Print lines matching a pattern\n   log       Show commit logs\n   show      Show various types of objects\n   status    Show the working tree status\n\ngrow, mark and tweak your common history\n   branch    List, create, or delete branches\n   commit    Record changes to the repository\n   merge     Join two or more development histories together\n   rebase    Reapply commits on top of another base tip\n   reset     Reset current HEAD to the specified state\n   switch    Switch branches\n   tag       Create, list, delete or verify a tag object signed with GPG\n\ncollaborate (see also: git help workflows)\n   fetch     Download objects and refs from another repository\n   pull      Fetch from and integrate with another repository or a local branch\n   push      Update remote refs along with associated objects\n\n'git help -a' and 'git help -g' list available subcommands and some\nconcept guides. See 'git help <command>' or 'git help <concept>'\nto read about a specific subcommand or concept.\nSee 'git help git' for an overview of the system.\n""
[0m12:12:04.008162 [debug] [MainThread]: STDERR: "b''"
[0m12:12:04.009167 [info ] [MainThread]:  - git [[32mOK found[0m]

[0m12:12:04.009167 [info ] [MainThread]: Connection:
[0m12:12:04.010166 [info ] [MainThread]:   host: localhost
[0m12:12:04.010166 [info ] [MainThread]:   user: neeraj
[0m12:12:04.010166 [info ] [MainThread]:   port: 5439
[0m12:12:04.011168 [info ] [MainThread]:   database: insurance
[0m12:12:04.011168 [info ] [MainThread]:   method: database
[0m12:12:04.012185 [info ] [MainThread]:   cluster_id: None
[0m12:12:04.012185 [info ] [MainThread]:   iam_profile: None
[0m12:12:04.012185 [info ] [MainThread]:   schema: staging
[0m12:12:04.013163 [info ] [MainThread]:   sslmode: prefer
[0m12:12:04.013163 [info ] [MainThread]:   region: None
[0m12:12:04.013163 [info ] [MainThread]:   sslmode: prefer
[0m12:12:04.014168 [info ] [MainThread]:   region: None
[0m12:12:04.014168 [info ] [MainThread]:   autocreate: False
[0m12:12:04.014168 [info ] [MainThread]:   db_groups: []
[0m12:12:04.015184 [info ] [MainThread]:   ra3_node: False
[0m12:12:04.015184 [info ] [MainThread]:   connect_timeout: None
[0m12:12:04.016169 [info ] [MainThread]:   role: None
[0m12:12:04.016169 [info ] [MainThread]:   retries: 1
[0m12:12:04.016169 [info ] [MainThread]:   retry_all: False
[0m12:12:04.017167 [info ] [MainThread]:   autocommit: True
[0m12:12:04.017167 [info ] [MainThread]:   access_key_id: None
[0m12:12:04.018164 [info ] [MainThread]:   is_serverless: None
[0m12:12:04.018164 [info ] [MainThread]:   serverless_work_group: None
[0m12:12:04.018164 [info ] [MainThread]:   serverless_acct_id: None
[0m12:12:04.019161 [info ] [MainThread]: Registered adapter: redshift=1.9.5
[0m12:12:04.251841 [debug] [MainThread]: Acquiring new redshift connection 'debug'
[0m12:12:04.255924 [debug] [MainThread]: Using redshift connection "debug"
[0m12:12:04.255924 [debug] [MainThread]: On debug: select 1 as id
[0m12:12:04.255924 [debug] [MainThread]: Opening a new connection, currently in state init
[0m12:12:04.256874 [debug] [MainThread]: Redshift adapter: Connecting to Redshift with 'database' credentials method
[0m12:12:04.259910 [debug] [MainThread]: Redshift adapter: Establishing connection using ssl with `sslmode` set to 'prefer'.To connect without ssl, set `sslmode` to 'disable'.
[0m12:12:04.829412 [debug] [MainThread]: SQL status: SUCCESS in 0.573 seconds
[0m12:12:07.472740 [debug] [MainThread]: On debug: Close
[0m12:12:07.473573 [info ] [MainThread]:   Connection test: [[32mOK connection ok[0m]

[0m12:12:07.474154 [info ] [MainThread]: [31m1 check failed:[0m
[0m12:12:07.474666 [info ] [MainThread]: Project loading failed for the following reason:
 project path <D:\Projects\Insurance\data-engineering\dbt\dbt_project.yml> not found

[0m12:12:07.476223 [debug] [MainThread]: Command `dbt debug` failed at 12:12:07.476223 after 3.93 seconds
[0m12:12:07.476223 [debug] [MainThread]: Connection 'debug' was properly closed.
[0m12:12:07.477322 [debug] [MainThread]: Sending event: {'category': 'dbt', 'action': 'invocation', 'label': 'end', 'context': [<snowplow_tracker.self_describing_json.SelfDescribingJson object at 0x0000016C171A1010>, <snowplow_tracker.self_describing_json.SelfDescribingJson object at 0x0000016C158BD690>, <snowplow_tracker.self_describing_json.SelfDescribingJson object at 0x0000016C1583BDD0>]}
[0m12:12:07.477826 [debug] [MainThread]: Flushing usage events
[0m12:12:08.590315 [debug] [MainThread]: An error was encountered while trying to flush usage events
